\BOOKMARK [0][-]{chapter*.1}{\376\377\000T\000i\000t\000l\000e\000\040\000P\000a\000g\000e}{}% 1
\BOOKMARK [0][-]{chapter*.2}{\376\377\000D\000e\000c\000l\000a\000r\000a\000t\000i\000o\000n}{}% 2
\BOOKMARK [0][-]{chapter*.3}{\376\377\000C\000o\000p\000y\000r\000i\000g\000h\000t}{}% 3
\BOOKMARK [0][-]{chapter*.4}{\376\377\000D\000e\000d\000i\000c\000a\000t\000i\000o\000n}{}% 4
\BOOKMARK [0][-]{chapter*.5}{\376\377\000A\000c\000k\000n\000o\000w\000l\000e\000d\000g\000e\000m\000e\000n\000t\000s}{}% 5
\BOOKMARK [0][-]{chapter*.6}{\376\377\000A\000b\000s\000t\000r\000a\000c\000t}{}% 6
\BOOKMARK [0][-]{chapter*.7}{\376\377\000A\000b\000b\000r\000e\000v\000i\000a\000t\000i\000o\000n}{}% 7
\BOOKMARK [0][-]{chapter.1}{\376\377\000I\000N\000T\000R\000O\000D\000U\000C\000T\000I\000O\000N}{}% 8
\BOOKMARK [1][-]{section.1.1}{\376\377\000P\000r\000o\000b\000l\000e\000m\000\040\000S\000t\000a\000t\000e\000m\000e\000n\000t}{chapter.1}% 9
\BOOKMARK [1][-]{section.1.2}{\376\377\000S\000y\000s\000t\000e\000m\000\040\000O\000b\000j\000e\000c\000t\000i\000v\000e\000s}{chapter.1}% 10
\BOOKMARK [0][-]{chapter.2}{\376\377\000P\000R\000O\000C\000E\000S\000S\000\040\000M\000O\000D\000E\000L\000L\000I\000N\000G}{}% 11
\BOOKMARK [1][-]{section.2.1}{\376\377\000I\000n\000t\000r\000o\000d\000u\000c\000t\000i\000o\000n}{chapter.2}% 12
\BOOKMARK [1][-]{section.2.2}{\376\377\000P\000r\000o\000c\000e\000s\000s\000\040\000M\000o\000d\000e\000l\000\040\000\050\000I\000t\000e\000r\000a\000t\000i\000v\000e\000\051}{chapter.2}% 13
\BOOKMARK [1][-]{section.2.3}{\376\377\000F\000e\000a\000s\000i\000b\000i\000l\000i\000t\000y\000\040\000A\000n\000a\000l\000y\000s\000i\000s}{chapter.2}% 14
\BOOKMARK [1][-]{section.2.4}{\376\377\000S\000y\000s\000t\000e\000m\000\040\000S\000e\000c\000u\000r\000i\000t\000y}{chapter.2}% 15
\BOOKMARK [0][-]{chapter.3}{\376\377\000S\000O\000F\000T\000W\000A\000R\000E\000\040\000M\000E\000T\000H\000O\000D\000O\000L\000O\000G\000Y}{}% 16
\BOOKMARK [1][-]{section.3.1}{\376\377\000I\000n\000t\000r\000o\000d\000u\000c\000t\000i\000o\000n}{chapter.3}% 17
\BOOKMARK [1][-]{section.3.2}{\376\377\000S\000y\000s\000t\000e\000m\000\040\000F\000l\000o\000w\000c\000h\000a\000r\000t}{chapter.3}% 18
\BOOKMARK [1][-]{section.3.3}{\376\377\000S\000y\000s\000t\000e\000m\000\040\000D\000e\000s\000c\000r\000i\000p\000t\000i\000o\000n}{chapter.3}% 19
\BOOKMARK [2][-]{subsection.3.3.1}{\376\377\000S\000t\000e\000p\000\040\0001\000:\000\040\000L\000o\000g\000i\000n}{section.3.3}% 20
\BOOKMARK [2][-]{subsection.3.3.2}{\376\377\000L\000a\000u\000n\000c\000h\000\040\000P\000a\000g\000e\000\040\040\024\000\040\000D\000a\000s\000h\000b\000o\000a\000r\000d\000\040\000O\000v\000e\000r\000v\000i\000e\000w}{section.3.3}% 21
\BOOKMARK [2][-]{subsection.3.3.3}{\376\377\000F\000u\000n\000d\000\040\000R\000a\000n\000k\000i\000n\000g\000s}{section.3.3}% 22
\BOOKMARK [2][-]{subsection.3.3.4}{\376\377\000F\000u\000n\000d\000\040\000D\000e\000t\000a\000i\000l\000s}{section.3.3}% 23
\BOOKMARK [2][-]{subsection.3.3.5}{\376\377\000D\000o\000w\000n\000l\000o\000a\000d\000\040\000R\000e\000p\000o\000r\000t}{section.3.3}% 24
\BOOKMARK [2][-]{subsection.3.3.6}{\376\377\000S\000y\000s\000t\000e\000m\000\040\000C\000o\000d\000e}{section.3.3}% 25
