\BOOKMARK [1][-]{Doc-Start}{\376\377\000D\000e\000c\000l\000a\000r\000a\000t\000i\000o\000n}{}% 1
\BOOKMARK [1][-]{Doc-Start}{\376\377\000C\000o\000p\000y\000r\000i\000g\000h\000t}{}% 2
\BOOKMARK [1][-]{Doc-Start}{\376\377\000D\000e\000d\000i\000c\000a\000t\000i\000o\000n}{}% 3
\BOOKMARK [1][-]{Doc-Start}{\376\377\000A\000c\000k\000n\000o\000w\000l\000e\000d\000g\000e\000m\000e\000n\000t\000s}{}% 4
\BOOKMARK [1][-]{Doc-Start}{\376\377\000L\000i\000s\000t\000\040\000o\000f\000\040\000F\000i\000g\000u\000r\000e\000s}{}% 5
\BOOKMARK [1][-]{Doc-Start}{\376\377\000L\000i\000s\000t\000\040\000o\000f\000\040\000T\000a\000b\000l\000e\000s}{}% 6
\BOOKMARK [1][-]{Doc-Start}{\376\377\000A\000b\000s\000t\000r\000a\000c\000t}{}% 7
\BOOKMARK [1][-]{Doc-Start}{\376\377\000A\000b\000b\000r\000e\000v\000i\000a\000t\000i\000o\000n\000s}{}% 8
\BOOKMARK [1][-]{section*.1}{\376\377\000C\000H\000A\000P\000T\000E\000R\000\040\0001\000:\000\040\000I\000N\000T\000R\000O\000D\000U\000C\000T\000I\000O\000N}{}% 9
\BOOKMARK [1][-]{section.1}{\376\377\000B\000a\000c\000k\000g\000r\000o\000u\000n\000d\000\040\000t\000o\000\040\000t\000h\000e\000\040\000S\000t\000u\000d\000y}{}% 10
\BOOKMARK [2][-]{subsection.1.1}{\376\377\000H\000i\000s\000t\000o\000r\000i\000c\000a\000l\000\040\000D\000e\000v\000e\000l\000o\000p\000m\000e\000n\000t\000\040\000o\000f\000\040\000P\000e\000n\000s\000i\000o\000n\000\040\000F\000u\000n\000d\000s}{section.1}% 11
\BOOKMARK [2][-]{subsection.1.2}{\376\377\000P\000e\000n\000s\000i\000o\000n\000\040\000F\000u\000n\000d\000\040\000D\000e\000v\000e\000l\000o\000p\000m\000e\000n\000t\000\040\000i\000n\000\040\000Z\000i\000m\000b\000a\000b\000w\000e}{section.1}% 12
\BOOKMARK [2][-]{subsection.1.3}{\376\377\000E\000f\000f\000i\000c\000i\000e\000n\000c\000y\000\040\000M\000e\000a\000s\000u\000r\000e\000m\000e\000n\000t\000\040\000i\000n\000\040\000F\000i\000n\000a\000n\000c\000i\000a\000l\000\040\000I\000n\000s\000t\000i\000t\000u\000t\000i\000o\000n\000s}{section.1}% 13
\BOOKMARK [1][-]{section.2}{\376\377\000S\000t\000a\000t\000e\000m\000e\000n\000t\000\040\000o\000f\000\040\000t\000h\000e\000\040\000P\000r\000o\000b\000l\000e\000m}{}% 14
\BOOKMARK [1][-]{section.3}{\376\377\000O\000b\000j\000e\000c\000t\000i\000v\000e\000s}{}% 15
\BOOKMARK [1][-]{section.4}{\376\377\000R\000e\000s\000e\000a\000r\000c\000h\000\040\000Q\000u\000e\000s\000t\000i\000o\000n\000s}{}% 16
\BOOKMARK [1][-]{section.5}{\376\377\000S\000i\000g\000n\000i\000f\000i\000c\000a\000n\000c\000e\000\040\000o\000f\000\040\000t\000h\000e\000\040\000S\000t\000u\000d\000y}{}% 17
\BOOKMARK [1][-]{section.6}{\376\377\000S\000c\000o\000p\000e\000\040\000o\000f\000\040\000t\000h\000e\000\040\000S\000t\000u\000d\000y}{}% 18
\BOOKMARK [1][-]{section.7}{\376\377\000A\000s\000s\000u\000m\000p\000t\000i\000o\000n\000s\000\040\000o\000f\000\040\000t\000h\000e\000\040\000S\000t\000u\000d\000y}{}% 19
\BOOKMARK [1][-]{section.8}{\376\377\000L\000i\000m\000i\000t\000a\000t\000i\000o\000n\000s\000\040\000o\000f\000\040\000t\000h\000e\000\040\000S\000t\000u\000d\000y}{}% 20
\BOOKMARK [1][-]{section.9}{\376\377\000O\000r\000g\000a\000n\000i\000z\000a\000t\000i\000o\000n\000\040\000o\000f\000\040\000t\000h\000e\000\040\000S\000t\000u\000d\000y}{}% 21
\BOOKMARK [1][-]{section.10}{\376\377\000C\000h\000a\000p\000t\000e\000r\000\040\000S\000u\000m\000m\000a\000r\000y}{}% 22
\BOOKMARK [1][-]{section*.2}{\376\377\000C\000H\000A\000P\000T\000E\000R\000\040\0002\000:\000\040\000L\000I\000T\000E\000R\000A\000T\000U\000R\000E\000\040\000R\000E\000V\000I\000E\000W}{}% 23
\BOOKMARK [1][-]{section.1}{\376\377\000I\000n\000t\000r\000o\000d\000u\000c\000t\000i\000o\000n}{}% 24
\BOOKMARK [1][-]{section.2}{\376\377\000C\000o\000n\000c\000e\000p\000t\000u\000a\000l\000\040\000F\000r\000a\000m\000e\000w\000o\000r\000k}{}% 25
\BOOKMARK [1][-]{section.3}{\376\377\000T\000h\000e\000o\000r\000e\000t\000i\000c\000a\000l\000\040\000L\000i\000t\000e\000r\000a\000t\000u\000r\000e}{}% 26
\BOOKMARK [2][-]{subsection.3.1}{\376\377\000P\000r\000o\000d\000u\000c\000t\000i\000o\000n\000\040\000F\000r\000o\000n\000t\000i\000e\000r\000\040\000T\000h\000e\000o\000r\000y\000\040\000a\000n\000d\000\040\000T\000e\000c\000h\000n\000i\000c\000a\000l\000\040\000E\000f\000f\000i\000c\000i\000e\000n\000c\000y}{section.3}% 27
\BOOKMARK [2][-]{subsection.3.2}{\376\377\000D\000a\000t\000a\000\040\000E\000n\000v\000e\000l\000o\000p\000m\000e\000n\000t\000\040\000A\000n\000a\000l\000y\000s\000i\000s\000\040\000a\000s\000\040\000a\000n\000\040\000E\000f\000f\000i\000c\000i\000e\000n\000c\000y\000\040\000M\000e\000a\000s\000u\000r\000e\000m\000e\000n\000t\000\040\000T\000o\000o\000l}{section.3}% 28
\BOOKMARK [2][-]{subsection.3.3}{\376\377\000E\000x\000t\000e\000n\000s\000i\000o\000n\000s\000:\000\040\000N\000e\000t\000w\000o\000r\000k\000\040\000a\000n\000d\000\040\000D\000y\000n\000a\000m\000i\000c\000\040\000D\000E\000A\000\040\000F\000r\000a\000m\000e\000w\000o\000r\000k\000s}{section.3}% 29
\BOOKMARK [2][-]{subsection.3.4}{\376\377\000S\000c\000a\000l\000e\000\040\000E\000f\000f\000i\000c\000i\000e\000n\000c\000y\000\040\000a\000n\000d\000\040\000E\000c\000o\000n\000o\000m\000i\000e\000s\000\040\000o\000f\000\040\000S\000c\000a\000l\000e}{section.3}% 30
\BOOKMARK [2][-]{subsection.3.5}{\376\377\000I\000n\000s\000t\000i\000t\000u\000t\000i\000o\000n\000a\000l\000\040\000G\000o\000v\000e\000r\000n\000a\000n\000c\000e\000\040\000a\000n\000d\000\040\000R\000e\000g\000u\000l\000a\000t\000o\000r\000y\000\040\000F\000r\000a\000m\000e\000w\000o\000r\000k\000s}{section.3}% 31
\BOOKMARK [1][-]{section.4}{\376\377\000E\000m\000p\000i\000r\000i\000c\000a\000l\000\040\000L\000i\000t\000e\000r\000a\000t\000u\000r\000e}{}% 32
\BOOKMARK [2][-]{subsection.4.1}{\376\377\000P\000e\000n\000s\000i\000o\000n\000\040\000F\000u\000n\000d\000\040\000E\000f\000f\000i\000c\000i\000e\000n\000c\000y\000\040\000i\000n\000\040\000E\000u\000r\000o\000p\000e\000a\000n\000\040\000E\000c\000o\000n\000o\000m\000i\000e\000s}{section.4}% 33
\BOOKMARK [2][-]{subsection.4.2}{\376\377\000N\000e\000t\000w\000o\000r\000k\000\040\000a\000n\000d\000\040\000M\000u\000l\000t\000i\000-\000S\000t\000a\000g\000e\000\040\000D\000E\000A\000\040\000A\000p\000p\000l\000i\000c\000a\000t\000i\000o\000n\000s}{section.4}% 34
\BOOKMARK [2][-]{subsection.4.3}{\376\377\000E\000v\000i\000d\000e\000n\000c\000e\000\040\000f\000r\000o\000m\000\040\000t\000h\000e\000\040\000A\000f\000r\000i\000c\000a\000n\000\040\000C\000o\000n\000t\000e\000x\000t}{section.4}% 35
\BOOKMARK [2][-]{subsection.4.4}{\376\377\000S\000c\000a\000l\000e\000\040\000E\000f\000f\000e\000c\000t\000s\000\040\000a\000n\000d\000\040\000M\000a\000r\000k\000e\000t\000\040\000S\000t\000r\000u\000c\000t\000u\000r\000e}{section.4}% 36
\BOOKMARK [2][-]{subsection.4.5}{\376\377\000H\000y\000b\000r\000i\000d\000\040\000D\000E\000A\000\040\000a\000n\000d\000\040\000D\000e\000t\000e\000r\000m\000i\000n\000a\000n\000t\000\040\000A\000n\000a\000l\000y\000s\000i\000s}{section.4}% 37
\BOOKMARK [2][-]{subsection.4.6}{\376\377\000D\000y\000n\000a\000m\000i\000c\000\040\000D\000E\000A\000\040\000a\000n\000d\000\040\000I\000n\000t\000e\000r\000t\000e\000m\000p\000o\000r\000a\000l\000\040\000E\000f\000f\000i\000c\000i\000e\000n\000c\000y}{section.4}% 38
\BOOKMARK [2][-]{subsection.4.7}{\376\377\000B\000e\000n\000c\000h\000m\000a\000r\000k\000\040\000S\000t\000u\000d\000y\000:\000\040\000G\000r\000e\000e\000k\000\040\000O\000c\000c\000u\000p\000a\000t\000i\000o\000n\000a\000l\000\040\000P\000e\000n\000s\000i\000o\000n\000\040\000F\000u\000n\000d\000s}{section.4}% 39
\BOOKMARK [2][-]{subsection.4.8}{\376\377\000P\000e\000n\000s\000i\000o\000n\000\040\000F\000u\000n\000d\000\040\000E\000f\000f\000i\000c\000i\000e\000n\000c\000y\000\040\000i\000n\000\040\000D\000e\000v\000e\000l\000o\000p\000i\000n\000g\000\040\000E\000c\000o\000n\000o\000m\000i\000e\000s}{section.4}% 40
\BOOKMARK [2][-]{subsection.4.9}{\376\377\000I\000n\000p\000u\000t\040\023\000O\000u\000t\000p\000u\000t\000\040\000S\000e\000l\000e\000c\000t\000i\000o\000n\000\040\000i\000n\000\040\000P\000e\000n\000s\000i\000o\000n\000\040\000F\000u\000n\000d\000\040\000D\000E\000A\000\040\000S\000t\000u\000d\000i\000e\000s}{section.4}% 41
\BOOKMARK [1][-]{section.5}{\376\377\000J\000u\000s\000t\000i\000f\000i\000c\000a\000t\000i\000o\000n\000\040\000o\000f\000\040\000t\000h\000e\000\040\000P\000r\000e\000s\000e\000n\000t\000\040\000S\000t\000u\000d\000y}{}% 42
\BOOKMARK [2][-]{subsection.5.1}{\376\377\000E\000x\000p\000l\000i\000c\000i\000t\000\040\000R\000e\000s\000e\000a\000r\000c\000h\000\040\000G\000a\000p}{section.5}% 43
\BOOKMARK [1][-]{section.6}{\376\377\000C\000h\000a\000p\000t\000e\000r\000\040\000S\000u\000m\000m\000a\000r\000y}{}% 44
\BOOKMARK [1][-]{section*.7}{\376\377\000C\000H\000A\000P\000T\000E\000R\000\040\0003\000:\000\040\000M\000E\000T\000H\000O\000D\000O\000L\000O\000G\000Y}{}% 45
\BOOKMARK [1][-]{section.1}{\376\377\000I\000n\000t\000r\000o\000d\000u\000c\000t\000i\000o\000n}{}% 46
\BOOKMARK [1][-]{section.2}{\376\377\000R\000e\000s\000e\000a\000r\000c\000h\000\040\000D\000e\000s\000i\000g\000n}{}% 47
\BOOKMARK [1][-]{section.3}{\376\377\000T\000a\000r\000g\000e\000t\000\040\000P\000o\000p\000u\000l\000a\000t\000i\000o\000n\000\040\000a\000n\000d\000\040\000S\000a\000m\000p\000l\000e}{}% 48
\BOOKMARK [1][-]{section.4}{\376\377\000D\000a\000t\000a\000\040\000C\000o\000l\000l\000e\000c\000t\000i\000o\000n\000\040\000I\000n\000s\000t\000r\000u\000m\000e\000n\000t\000s}{}% 49
\BOOKMARK [1][-]{section.5}{\376\377\000S\000e\000c\000o\000n\000d\000a\000r\000y\000\040\000D\000a\000t\000a\000\040\000C\000o\000l\000l\000e\000c\000t\000i\000o\000n\000\040\000M\000e\000t\000h\000o\000d\000s}{}% 50
\BOOKMARK [2][-]{subsection.5.1}{\376\377\000M\000o\000d\000e\000l\000\040\000O\000u\000t\000l\000i\000n\000e}{section.5}% 51
\BOOKMARK [3][-]{subsubsection.5.1.1}{\376\377\000S\000t\000a\000g\000e\000\040\0001\000:\000\040\000V\000a\000r\000i\000a\000b\000l\000e\000\040\000S\000e\000l\000e\000c\000t\000i\000o\000n\000\040\000a\000n\000d\000\040\000D\000a\000t\000a\000\040\000P\000r\000e\000p\000a\000r\000a\000t\000i\000o\000n}{subsection.5.1}% 52
\BOOKMARK [3][-]{subsubsection.5.1.2}{\376\377\000S\000t\000a\000g\000e\000\040\0002\000:\000\040\000C\000C\000R\000\040\000M\000o\000d\000e\000l\000\040\040\024\000\040\000C\000o\000n\000s\000t\000a\000n\000t\000\040\000R\000e\000t\000u\000r\000n\000s\000\040\000t\000o\000\040\000S\000c\000a\000l\000e\000\040\000\050\000C\000R\000S\000\051\000\040\000D\000E\000A}{subsection.5.1}% 53
\BOOKMARK [3][-]{subsubsection.5.1.3}{\376\377\000S\000t\000a\000g\000e\000\040\0003\000:\000\040\000B\000C\000C\000\040\000M\000o\000d\000e\000l\000\040\040\024\000\040\000V\000a\000r\000i\000a\000b\000l\000e\000\040\000R\000e\000t\000u\000r\000n\000s\000\040\000t\000o\000\040\000S\000c\000a\000l\000e\000\040\000\050\000V\000R\000S\000\051\000\040\000D\000E\000A}{subsection.5.1}% 54
\BOOKMARK [3][-]{subsubsection.5.1.4}{\376\377\000S\000t\000a\000g\000e\000\040\0004\000:\000\040\000S\000c\000a\000l\000e\000\040\000E\000f\000f\000i\000c\000i\000e\000n\000c\000y\000\040\000C\000o\000m\000p\000u\000t\000a\000t\000i\000o\000n}{subsection.5.1}% 55
\BOOKMARK [3][-]{subsubsection.5.1.5}{\376\377\000S\000t\000a\000g\000e\000\040\0005\000:\000\040\000P\000e\000e\000r\000\040\000A\000n\000a\000l\000y\000s\000i\000s\000\040\000a\000n\000d\000\040\000T\000a\000r\000g\000e\000t\000\040\000S\000e\000t\000t\000i\000n\000g}{subsection.5.1}% 56
\BOOKMARK [3][-]{subsubsection.5.1.6}{\376\377\000S\000t\000a\000g\000e\000\040\0006\000:\000\040\000B\000o\000o\000t\000s\000t\000r\000a\000p\000\040\000D\000E\000A\000\040\000a\000n\000d\000\040\000t\000h\000e\000\040\000S\000i\000m\000a\000r\040\023\000W\000i\000l\000s\000o\000n\000\040\000B\000i\000a\000s\000\040\000C\000o\000r\000r\000e\000c\000t\000i\000o\000n\000\040\000P\000r\000o\000c\000e\000d\000u\000r\000e}{subsection.5.1}% 57
\BOOKMARK [3][-]{subsubsection.5.1.7}{\376\377\000S\000t\000a\000g\000e\000\040\0007\000:\000\040\000R\000a\000n\000d\000o\000m\000\040\000F\000o\000r\000e\000s\000t\000\040\000M\000o\000d\000e\000l\000\040\000f\000o\000r\000\040\000S\000e\000c\000o\000n\000d\000-\000S\000t\000a\000g\000e\000\040\000D\000e\000t\000e\000r\000m\000i\000n\000a\000n\000t\000\040\000A\000n\000a\000l\000y\000s\000i\000s}{subsection.5.1}% 58
\BOOKMARK [3][-]{subsubsection.5.1.8}{\376\377\000R\000a\000n\000d\000o\000m\000\040\000F\000o\000r\000e\000s\000t\000\040\000M\000o\000d\000e\000l\000\040\000S\000p\000e\000c\000i\000f\000i\000c\000a\000t\000i\000o\000n}{subsection.5.1}% 59
\BOOKMARK [3][-]{subsubsection.5.1.9}{\376\377\000C\000a\000n\000d\000i\000d\000a\000t\000e\000\040\000D\000e\000t\000e\000r\000m\000i\000n\000a\000n\000t\000\040\000V\000a\000r\000i\000a\000b\000l\000e\000s\000\040\000a\000n\000d\000\040\000V\000a\000r\000i\000a\000b\000l\000e\000\040\000I\000m\000p\000o\000r\000t\000a\000n\000c\000e}{subsection.5.1}% 60
\BOOKMARK [3][-]{subsubsection.5.1.10}{\376\377\000T\000w\000o\000-\000S\000t\000a\000g\000e\000\040\000M\000a\000c\000h\000i\000n\000e\000\040\000L\000e\000a\000r\000n\000i\000n\000g\000\040\000E\000n\000h\000a\000n\000c\000e\000d\000\040\000F\000r\000a\000m\000e\000w\000o\000r\000k}{subsection.5.1}% 61
\BOOKMARK [3][-]{subsubsection.5.1.11}{\376\377\000I\000m\000p\000l\000e\000m\000e\000n\000t\000a\000t\000i\000o\000n\000\040\000T\000o\000o\000l\000s}{subsection.5.1}% 62
\BOOKMARK [1][-]{section.6}{\376\377\000C\000h\000a\000p\000t\000e\000r\000\040\000S\000u\000m\000m\000a\000r\000y}{}% 63
\BOOKMARK [1][-]{section*.10}{\376\377\000C\000H\000A\000P\000T\000E\000R\000\040\0004\000:\000\040\000D\000A\000T\000A\000\040\000A\000N\000A\000L\000Y\000S\000I\000S\000\040\000A\000N\000D\000\040\000P\000R\000E\000S\000E\000N\000T\000A\000T\000I\000O\000N}{}% 64
\BOOKMARK [1][-]{section.1}{\376\377\000I\000n\000t\000r\000o\000d\000u\000c\000t\000i\000o\000n}{}% 65
\BOOKMARK [1][-]{section.2}{\376\377\000D\000a\000t\000a\000\040\000P\000r\000e\000p\000a\000r\000a\000t\000i\000o\000n\000\040\000a\000n\000d\000\040\000D\000e\000s\000c\000r\000i\000p\000t\000i\000v\000e\000\040\000S\000t\000a\000t\000i\000s\000t\000i\000c\000s}{}% 66
\BOOKMARK [2][-]{subsection.2.1}{\376\377\000S\000a\000m\000p\000l\000e\000\040\000S\000e\000l\000e\000c\000t\000i\000o\000n\000\040\000a\000n\000d\000\040\000D\000a\000t\000a\000\040\000C\000o\000l\000l\000e\000c\000t\000i\000o\000n}{section.2}% 67
\BOOKMARK [2][-]{subsection.2.2}{\376\377\000D\000e\000s\000c\000r\000i\000p\000t\000i\000v\000e\000\040\000S\000t\000a\000t\000i\000s\000t\000i\000c\000s}{section.2}% 68
\BOOKMARK [2][-]{subsection.2.3}{\376\377\000C\000o\000r\000r\000e\000l\000a\000t\000i\000o\000n\000\040\000A\000n\000a\000l\000y\000s\000i\000s}{section.2}% 69
\BOOKMARK [1][-]{section.3}{\376\377\000C\000R\000S\000\040\000T\000e\000c\000h\000n\000i\000c\000a\000l\000\040\000E\000f\000f\000i\000c\000i\000e\000n\000c\000y\000\040\000R\000e\000s\000u\000l\000t\000s\000:\000\040\000C\000C\000R\000\040\000M\000o\000d\000e\000l}{}% 70
\BOOKMARK [2][-]{subsection.3.1}{\376\377\000A\000n\000n\000u\000a\000l\000\040\000F\000r\000e\000q\000u\000e\000n\000c\000y\000\040\000D\000i\000s\000t\000r\000i\000b\000u\000t\000i\000o\000n\000\040\000o\000f\000\040\000C\000R\000S\000\040\000E\000f\000f\000i\000c\000i\000e\000n\000c\000y\000\040\000S\000c\000o\000r\000e\000s}{section.3}% 71
\BOOKMARK [1][-]{section.4}{\376\377\000V\000R\000S\000\040\000T\000e\000c\000h\000n\000i\000c\000a\000l\000\040\000E\000f\000f\000i\000c\000i\000e\000n\000c\000y\000\040\000R\000e\000s\000u\000l\000t\000s\000:\000\040\000B\000C\000C\000\040\000M\000o\000d\000e\000l}{}% 72
\BOOKMARK [1][-]{section.5}{\376\377\000S\000c\000a\000l\000e\000\040\000E\000f\000f\000i\000c\000i\000e\000n\000c\000y\000\040\000a\000n\000d\000\040\000R\000e\000t\000u\000r\000n\000s\000-\000t\000o\000-\000S\000c\000a\000l\000e\000\040\000A\000n\000a\000l\000y\000s\000i\000s}{}% 73
\BOOKMARK [1][-]{section.6}{\376\377\000P\000e\000e\000r\000\040\000A\000n\000a\000l\000y\000s\000i\000s\000\040\000a\000n\000d\000\040\000T\000a\000r\000g\000e\000t\000\040\000S\000e\000t\000t\000i\000n\000g}{}% 74
\BOOKMARK [2][-]{subsection.6.1}{\376\377\000R\000e\000f\000e\000r\000e\000n\000c\000e\000\040\000S\000e\000t\000s\000\040\000f\000o\000r\000\040\000I\000n\000e\000f\000f\000i\000c\000i\000e\000n\000t\000\040\000F\000u\000n\000d\000s}{section.6}% 75
\BOOKMARK [2][-]{subsection.6.2}{\376\377\000I\000n\000p\000u\000t\000\040\000S\000l\000a\000c\000k\000s\000\040\000a\000n\000d\000\040\000E\000f\000f\000i\000c\000i\000e\000n\000c\000y\000\040\000T\000a\000r\000g\000e\000t\000s}{section.6}% 76
\BOOKMARK [1][-]{section.7}{\376\377\000M\000L\000\040\000S\000t\000a\000g\000e\000\040\0002\000:\000\040\000B\000o\000o\000t\000s\000t\000r\000a\000p\000\040\000B\000i\000a\000s\000-\000C\000o\000r\000r\000e\000c\000t\000e\000d\000\040\000E\000f\000f\000i\000c\000i\000e\000n\000c\000y\000\040\000S\000c\000o\000r\000e\000s}{}% 77
\BOOKMARK [1][-]{section.8}{\376\377\000M\000L\000\040\000S\000t\000a\000g\000e\000\040\0003\000:\000\040\000R\000a\000n\000d\000o\000m\000\040\000F\000o\000r\000e\000s\000t\000\040\000D\000e\000t\000e\000r\000m\000i\000n\000a\000n\000t\000\040\000A\000n\000a\000l\000y\000s\000i\000s}{}% 78
\BOOKMARK [2][-]{subsection.8.1}{\376\377\000M\000o\000d\000e\000l\000\040\000P\000e\000r\000f\000o\000r\000m\000a\000n\000c\000e}{section.8}% 79
\BOOKMARK [2][-]{subsection.8.2}{\376\377\000V\000a\000r\000i\000a\000b\000l\000e\000\040\000I\000m\000p\000o\000r\000t\000a\000n\000c\000e\000\040\000R\000a\000n\000k\000i\000n\000g\000s}{section.8}% 80
\BOOKMARK [2][-]{subsection.8.3}{\376\377\000I\000n\000t\000e\000r\000p\000r\000e\000t\000a\000t\000i\000o\000n\000\040\000o\000f\000\040\000R\000e\000s\000u\000l\000t\000s}{section.8}% 81
\BOOKMARK [1][-]{section.9}{\376\377\000R\000e\000s\000e\000a\000r\000c\000h\000\040\000O\000b\000j\000e\000c\000t\000i\000v\000e\000s\000\040\000A\000d\000d\000r\000e\000s\000s\000e\000d}{}% 82
\BOOKMARK [1][-]{section.10}{\376\377\000C\000h\000a\000p\000t\000e\000r\000\040\000S\000u\000m\000m\000a\000r\000y}{}% 83
\BOOKMARK [1][-]{section*.23}{\376\377\000C\000H\000A\000P\000T\000E\000R\000\040\0005\000:\000\040\000R\000E\000S\000E\000A\000R\000C\000H\000\040\000F\000I\000N\000D\000I\000N\000G\000S\000,\000\040\000C\000O\000N\000C\000L\000U\000S\000I\000O\000N\000S\000\040\000A\000N\000D\000\040\000R\000E\000C\000O\000M\000M\000E\000N\000D\000A\000T\000I\000O\000N\000S}{}% 84
\BOOKMARK [1][-]{section.1}{\376\377\000I\000n\000t\000r\000o\000d\000u\000c\000t\000i\000o\000n}{}% 85
\BOOKMARK [1][-]{section.2}{\376\377\000S\000u\000m\000m\000a\000r\000y\000\040\000o\000f\000\040\000F\000i\000n\000d\000i\000n\000g\000s}{}% 86
\BOOKMARK [2][-]{subsection.2.1}{\376\377\000D\000e\000s\000c\000r\000i\000p\000t\000i\000v\000e\000\040\000A\000n\000a\000l\000y\000s\000i\000s}{section.2}% 87
\BOOKMARK [2][-]{subsection.2.2}{\376\377\000T\000e\000c\000h\000n\000i\000c\000a\000l\000\040\000E\000f\000f\000i\000c\000i\000e\000n\000c\000y\000\040\000u\000n\000d\000e\000r\000\040\000C\000o\000n\000s\000t\000a\000n\000t\000\040\000R\000e\000t\000u\000r\000n\000s\000\040\000t\000o\000\040\000S\000c\000a\000l\000e}{section.2}% 88
\BOOKMARK [2][-]{subsection.2.3}{\376\377\000T\000e\000c\000h\000n\000i\000c\000a\000l\000\040\000E\000f\000f\000i\000c\000i\000e\000n\000c\000y\000\040\000u\000n\000d\000e\000r\000\040\000V\000a\000r\000i\000a\000b\000l\000e\000\040\000R\000e\000t\000u\000r\000n\000s\000\040\000t\000o\000\040\000S\000c\000a\000l\000e}{section.2}% 89
\BOOKMARK [2][-]{subsection.2.4}{\376\377\000S\000c\000a\000l\000e\000\040\000E\000f\000f\000i\000c\000i\000e\000n\000c\000y\000\040\000D\000e\000c\000o\000m\000p\000o\000s\000i\000t\000i\000o\000n}{section.2}% 90
\BOOKMARK [2][-]{subsection.2.5}{\376\377\000P\000e\000e\000r\000\040\000A\000n\000a\000l\000y\000s\000i\000s\000\040\000a\000n\000d\000\040\000I\000n\000p\000u\000t\000\040\000T\000a\000r\000g\000e\000t\000\040\000S\000e\000t\000t\000i\000n\000g}{section.2}% 91
\BOOKMARK [2][-]{subsection.2.6}{\376\377\000B\000o\000o\000t\000s\000t\000r\000a\000p\000\040\000B\000i\000a\000s\000\040\000C\000o\000r\000r\000e\000c\000t\000i\000o\000n}{section.2}% 92
\BOOKMARK [2][-]{subsection.2.7}{\376\377\000M\000a\000c\000r\000o\000e\000c\000o\000n\000o\000m\000i\000c\000\040\000D\000e\000t\000e\000r\000m\000i\000n\000a\000n\000t\000s\000\040\000o\000f\000\040\000E\000f\000f\000i\000c\000i\000e\000n\000c\000y}{section.2}% 93
\BOOKMARK [1][-]{section.3}{\376\377\000C\000o\000n\000c\000l\000u\000s\000i\000o\000n\000s}{}% 94
\BOOKMARK [2][-]{subsection.3.1}{\376\377\000C\000o\000n\000c\000l\000u\000s\000i\000o\000n\000\040\000o\000n\000\040\000R\000e\000s\000e\000a\000r\000c\000h\000\040\000Q\000u\000e\000s\000t\000i\000o\000n\000\040\0001\000:\000\040\000T\000e\000c\000h\000n\000i\000c\000a\000l\000\040\000E\000f\000f\000i\000c\000i\000e\000n\000c\000y\000\040\000o\000f\000\040\000S\000e\000l\000f\000-\000A\000d\000m\000i\000n\000i\000s\000t\000e\000r\000e\000d\000\040\000P\000e\000n\000s\000i\000o\000n\000\040\000F\000u\000n\000d\000s}{section.3}% 95
\BOOKMARK [2][-]{subsection.3.2}{\376\377\000C\000o\000n\000c\000l\000u\000s\000i\000o\000n\000\040\000o\000n\000\040\000R\000e\000s\000e\000a\000r\000c\000h\000\040\000Q\000u\000e\000s\000t\000i\000o\000n\000\040\0002\000:\000\040\000E\000f\000f\000i\000c\000i\000e\000n\000c\000y\000\040\000D\000e\000c\000o\000m\000p\000o\000s\000i\000t\000i\000o\000n\000\040\000i\000n\000t\000o\000\040\000P\000u\000r\000e\000\040\000T\000e\000c\000h\000n\000i\000c\000a\000l\000\040\000a\000n\000d\000\040\000S\000c\000a\000l\000e\000\040\000C\000o\000m\000p\000o\000n\000e\000n\000t\000s}{section.3}% 96
\BOOKMARK [2][-]{subsection.3.3}{\376\377\000C\000o\000n\000c\000l\000u\000s\000i\000o\000n\000\040\000o\000n\000\040\000R\000e\000s\000e\000a\000r\000c\000h\000\040\000Q\000u\000e\000s\000t\000i\000o\000n\000\040\0003\000:\000\040\000B\000e\000n\000c\000h\000m\000a\000r\000k\000i\000n\000g\000\040\000A\000g\000a\000i\000n\000s\000t\000\040\000t\000h\000e\000\040\000E\000f\000f\000i\000c\000i\000e\000n\000c\000y\000\040\000F\000r\000o\000n\000t\000i\000e\000r}{section.3}% 97
\BOOKMARK [1][-]{section.4}{\376\377\000R\000e\000c\000o\000m\000m\000e\000n\000d\000a\000t\000i\000o\000n\000s}{}% 98
\BOOKMARK [2][-]{subsection.4.1}{\376\377\000R\000e\000c\000o\000m\000m\000e\000n\000d\000a\000t\000i\000o\000n\000s\000\040\000f\000o\000r\000\040\000P\000e\000n\000s\000i\000o\000n\000\040\000F\000u\000n\000d\000\040\000M\000a\000n\000a\000g\000e\000r\000s\000\040\000a\000n\000d\000\040\000T\000r\000u\000s\000t\000e\000e\000s}{section.4}% 99
\BOOKMARK [2][-]{subsection.4.2}{\376\377\000R\000e\000c\000o\000m\000m\000e\000n\000d\000a\000t\000i\000o\000n\000s\000\040\000f\000o\000r\000\040\000t\000h\000e\000\040\000I\000n\000s\000u\000r\000a\000n\000c\000e\000\040\000a\000n\000d\000\040\000P\000e\000n\000s\000i\000o\000n\000s\000\040\000C\000o\000m\000m\000i\000s\000s\000i\000o\000n\000\040\000o\000f\000\040\000Z\000i\000m\000b\000a\000b\000w\000e}{section.4}% 100
\BOOKMARK [2][-]{subsection.4.3}{\376\377\000R\000e\000c\000o\000m\000m\000e\000n\000d\000a\000t\000i\000o\000n\000s\000\040\000f\000o\000r\000\040\000N\000a\000t\000i\000o\000n\000a\000l\000\040\000P\000o\000l\000i\000c\000y\000m\000a\000k\000e\000r\000s}{section.4}% 101
\BOOKMARK [1][-]{section.5}{\376\377\000C\000o\000n\000t\000r\000i\000b\000u\000t\000i\000o\000n\000\040\000t\000o\000\040\000K\000n\000o\000w\000l\000e\000d\000g\000e}{}% 102
\BOOKMARK [1][-]{section.6}{\376\377\000L\000i\000m\000i\000t\000a\000t\000i\000o\000n\000s\000\040\000o\000f\000\040\000t\000h\000e\000\040\000S\000t\000u\000d\000y}{}% 103
\BOOKMARK [1][-]{section.7}{\376\377\000D\000i\000r\000e\000c\000t\000i\000o\000n\000s\000\040\000f\000o\000r\000\040\000F\000u\000t\000u\000r\000e\000\040\000R\000e\000s\000e\000a\000r\000c\000h}{}% 104
\BOOKMARK [1][-]{section.8}{\376\377\000C\000h\000a\000p\000t\000e\000r\000\040\000S\000u\000m\000m\000a\000r\000y}{}% 105
\BOOKMARK [1][-]{section.8}{\376\377\000R\000e\000f\000e\000r\000e\000n\000c\000e\000s}{}% 106
