\BOOKMARK [1][-]{section.1}{\376\377\000O\000v\000e\000r\000v\000i\000e\000w\000:\000\040\000W\000h\000a\000t\000\040\000W\000e\000\040\000A\000r\000e\000\040\000D\000o\000i\000n\000g\000\040\000a\000n\000d\000\040\000W\000h\000y}{}% 1
\BOOKMARK [1][-]{section.2}{\376\377\000D\000a\000t\000a\000s\000e\000t\000:\000\040\000C\000o\000l\000u\000m\000n\000-\000b\000y\000-\000C\000o\000l\000u\000m\000n\000\040\000R\000e\000f\000e\000r\000e\000n\000c\000e}{}% 2
\BOOKMARK [1][-]{section.3}{\376\377\000S\000t\000a\000g\000e\000\040\0001\000:\000\040\000C\000C\000R\000\040\000\050\000C\000R\000S\000\051\000\040\000D\000E\000A\000\040\000M\000o\000d\000e\000l}{}% 3
\BOOKMARK [2][-]{subsection.3.1}{\376\377\000B\000a\000c\000k\000g\000r\000o\000u\000n\000d}{section.3}% 4
\BOOKMARK [2][-]{subsection.3.2}{\376\377\000N\000o\000t\000a\000t\000i\000o\000n}{section.3}% 5
\BOOKMARK [2][-]{subsection.3.3}{\376\377\000T\000w\000o\000-\000P\000h\000a\000s\000e\000\040\000L\000P\000\040\000F\000o\000r\000m\000u\000l\000a\000t\000i\000o\000n}{section.3}% 6
\BOOKMARK [2][-]{subsection.3.4}{\376\377\000W\000h\000y\000\040\000t\000w\000o\000\040\000p\000h\000a\000s\000e\000s\000?}{section.3}% 7
\BOOKMARK [2][-]{subsection.3.5}{\376\377\000O\000u\000t\000p\000u\000t\000\040\000f\000i\000l\000e\000:\000\040\000o\000u\000t\000/\000e\000f\000f\000i\000c\000i\000e\000n\000c\000y\000\137\000c\000c\000r\000.\000c\000s\000v}{section.3}% 8
\BOOKMARK [1][-]{section.4}{\376\377\000S\000t\000a\000g\000e\000\040\0002\000:\000\040\000B\000C\000C\000\040\000\050\000V\000R\000S\000\051\000\040\000D\000E\000A\000\040\000M\000o\000d\000e\000l}{}% 9
\BOOKMARK [2][-]{subsection.4.1}{\376\377\000B\000a\000c\000k\000g\000r\000o\000u\000n\000d}{section.4}% 10
\BOOKMARK [2][-]{subsection.4.2}{\376\377\000M\000o\000d\000i\000f\000i\000c\000a\000t\000i\000o\000n\000\040\000t\000o\000\040\000P\000h\000a\000s\000e\000\040\000I}{section.4}% 11
\BOOKMARK [2][-]{subsection.4.3}{\376\377\000O\000u\000t\000p\000u\000t\000\040\000f\000i\000l\000e\000:\000\040\000o\000u\000t\000/\000e\000f\000f\000i\000c\000i\000e\000n\000c\000y\000\137\000v\000r\000s\000.\000c\000s\000v}{section.4}% 12
\BOOKMARK [1][-]{section.5}{\376\377\000S\000t\000a\000g\000e\000\040\0003\000:\000\040\000S\000c\000a\000l\000e\000\040\000E\000f\000f\000i\000c\000i\000e\000n\000c\000y\000\040\000a\000n\000d\000\040\000R\000e\000t\000u\000r\000n\000s\000\040\000t\000o\000\040\000S\000c\000a\000l\000e}{}% 13
\BOOKMARK [2][-]{subsection.5.1}{\376\377\000S\000c\000a\000l\000e\000\040\000e\000f\000f\000i\000c\000i\000e\000n\000c\000y}{section.5}% 14
\BOOKMARK [2][-]{subsection.5.2}{\376\377\000R\000e\000t\000u\000r\000n\000s\000\040\000t\000o\000\040\000S\000c\000a\000l\000e\000\040\000c\000l\000a\000s\000s\000i\000f\000i\000c\000a\000t\000i\000o\000n}{section.5}% 15
\BOOKMARK [2][-]{subsection.5.3}{\376\377\000O\000u\000t\000p\000u\000t\000\040\000f\000i\000l\000e\000:\000\040\000o\000u\000t\000/\000s\000c\000a\000l\000e\000.\000c\000s\000v}{section.5}% 16
\BOOKMARK [1][-]{section.6}{\376\377\000S\000t\000a\000g\000e\000\040\0004\000:\000\040\000P\000e\000e\000r\000\040\000A\000n\000a\000l\000y\000s\000i\000s\000\040\000a\000n\000d\000\040\000I\000n\000p\000u\000t\000\040\000R\000e\000d\000u\000c\000t\000i\000o\000n\000\040\000T\000a\000r\000g\000e\000t\000s}{}% 17
\BOOKMARK [2][-]{subsection.6.1}{\376\377\000T\000a\000r\000g\000e\000t\000\040\000i\000n\000p\000u\000t\000s}{section.6}% 18
\BOOKMARK [2][-]{subsection.6.2}{\376\377\000R\000e\000d\000u\000c\000t\000i\000o\000n\000\040\000m\000e\000t\000r\000i\000c\000s}{section.6}% 19
\BOOKMARK [2][-]{subsection.6.3}{\376\377\000O\000u\000t\000p\000u\000t\000\040\000f\000i\000l\000e\000:\000\040\000o\000u\000t\000/\000t\000a\000r\000g\000e\000t\000s\000.\000c\000s\000v}{section.6}% 20
\BOOKMARK [1][-]{section.7}{\376\377\000S\000t\000a\000g\000e\000\040\0005\000:\000\040\000S\000i\000m\000a\000r\040\023\000W\000i\000l\000s\000o\000n\000\040\000B\000o\000o\000t\000s\000t\000r\000a\000p\000\040\000B\000i\000a\000s\000\040\000C\000o\000r\000r\000e\000c\000t\000i\000o\000n}{}% 21
\BOOKMARK [2][-]{subsection.7.1}{\376\377\000W\000h\000y\000\040\000b\000i\000a\000s\000\040\000c\000o\000r\000r\000e\000c\000t\000i\000o\000n\000\040\000i\000s\000\040\000n\000e\000e\000d\000e\000d}{section.7}% 22
\BOOKMARK [2][-]{subsection.7.2}{\376\377\000A\000l\000g\000o\000r\000i\000t\000h\000m}{section.7}% 23
\BOOKMARK [2][-]{subsection.7.3}{\376\377\000O\000u\000t\000p\000u\000t\000\040\000f\000i\000l\000e\000:\000\040\000o\000u\000t\000/\000b\000i\000a\000s\000\137\000c\000o\000r\000r\000e\000c\000t\000e\000d\000\137\000s\000c\000o\000r\000e\000s\000.\000c\000s\000v}{section.7}% 24
\BOOKMARK [1][-]{section.8}{\376\377\000S\000t\000a\000g\000e\000\040\0006\000:\000\040\000R\000a\000n\000d\000o\000m\000\040\000F\000o\000r\000e\000s\000t\000\040\000S\000e\000c\000o\000n\000d\000\040\000S\000t\000a\000g\000e}{}% 25
\BOOKMARK [2][-]{subsection.8.1}{\376\377\000P\000u\000r\000p\000o\000s\000e}{section.8}% 26
\BOOKMARK [2][-]{subsection.8.2}{\376\377\000M\000o\000d\000e\000l}{section.8}% 27
\BOOKMARK [2][-]{subsection.8.3}{\376\377\000D\000e\000r\000i\000v\000e\000d\000\040\000f\000e\000a\000t\000u\000r\000e\000\040\000c\000o\000n\000s\000t\000r\000u\000c\000t\000i\000o\000n\000\040\000\050\000i\000n\000\040\000c\000l\000i\000.\000p\000y\000,\000\040\000S\000t\000a\000g\000e\000\040\0007\000\040\000b\000l\000o\000c\000k\000\051}{section.8}% 28
\BOOKMARK [2][-]{subsection.8.4}{\376\377\000F\000e\000a\000t\000u\000r\000e\000\040\000i\000m\000p\000o\000r\000t\000a\000n\000c\000e\000\040\000m\000e\000a\000s\000u\000r\000e\000s}{section.8}% 29
\BOOKMARK [2][-]{subsection.8.5}{\376\377\000P\000a\000r\000t\000i\000a\000l\000\040\000D\000e\000p\000e\000n\000d\000e\000n\000c\000e\000\040\000P\000l\000o\000t\000s}{section.8}% 30
\BOOKMARK [2][-]{subsection.8.6}{\376\377\000O\000u\000t\000p\000u\000t\000\040\000f\000i\000l\000e\000s}{section.8}% 31
\BOOKMARK [1][-]{section.9}{\376\377\000G\000r\000a\000p\000h\000\040\000D\000e\000s\000c\000r\000i\000p\000t\000i\000o\000n\000s}{}% 32
\BOOKMARK [2][-]{subsection.9.1}{\376\377\000C\000C\000R\000\040\000v\000s\000.\000\040\000B\000C\000C\000\040\000E\000f\000f\000i\000c\000i\000e\000n\000c\000y\000\040\000B\000a\000r\000\040\000C\000h\000a\000r\000t}{section.9}% 33
\BOOKMARK [2][-]{subsection.9.2}{\376\377\000S\000c\000a\000l\000e\000\040\000E\000f\000f\000i\000c\000i\000e\000n\000c\000y\000\040\000C\000h\000a\000r\000t}{section.9}% 34
\BOOKMARK [2][-]{subsection.9.3}{\376\377\000P\000a\000r\000t\000i\000a\000l\000\040\000D\000e\000p\000e\000n\000d\000e\000n\000c\000e\000\040\000P\000l\000o\000t\000s}{section.9}% 35
\BOOKMARK [1][-]{section.10}{\376\377\000P\000r\000o\000c\000e\000s\000s\000\040\000V\000e\000r\000i\000f\000i\000c\000a\000t\000i\000o\000n\000:\000\040\000P\000y\000t\000h\000o\000n\000\040\000T\000e\000s\000t\000\040\000S\000n\000i\000p\000p\000e\000t\000s}{}% 36
\BOOKMARK [2][-]{subsection.10.1}{\376\377\000S\000t\000a\000g\000e\000\040\0000\000:\000\040\000D\000a\000t\000a\000\040\000l\000o\000a\000d\000i\000n\000g\000\040\000a\000n\000d\000\040\000s\000c\000h\000e\000m\000a}{section.10}% 37
\BOOKMARK [2][-]{subsection.10.2}{\376\377\000S\000t\000a\000g\000e\000\040\0001\000:\000\040\000C\000C\000R\000\040\000D\000E\000A\000\040\000c\000o\000r\000r\000e\000c\000t\000n\000e\000s\000s}{section.10}% 38
\BOOKMARK [2][-]{subsection.10.3}{\376\377\000S\000t\000a\000g\000e\000\040\0002\000:\000\040\000B\000C\000C\000\040\000\040\000C\000C\000R\000\040\000a\000n\000d\000\040\000S\000c\000a\000l\000e\000\040\000E\000f\000f\000i\000c\000i\000e\000n\000c\000y\000\040\000i\000n\000\040\000\050\0000\000,\000\040\0001\000]}{section.10}% 39
\BOOKMARK [2][-]{subsection.10.4}{\376\377\000S\000t\000a\000g\000e\000\040\0003\000:\000\040\000I\000n\000p\000u\000t\000\040\000r\000e\000d\000u\000c\000t\000i\000o\000n\000\040\000t\000a\000r\000g\000e\000t\000s\000\040\000a\000r\000e\000\040\000v\000a\000l\000i\000d}{section.10}% 40
\BOOKMARK [2][-]{subsection.10.5}{\376\377\000S\000t\000a\000g\000e\000\040\0004\000:\000\040\000B\000o\000o\000t\000s\000t\000r\000a\000p\000\040\000b\000i\000a\000s\000\040\000c\000o\000r\000r\000e\000c\000t\000i\000o\000n\000\040\000p\000r\000o\000p\000e\000r\000t\000i\000e\000s}{section.10}% 41
\BOOKMARK [2][-]{subsection.10.6}{\376\377\000S\000t\000a\000g\000e\000\040\0005\000:\000\040\000D\000e\000r\000i\000v\000e\000d\000\040\000f\000e\000a\000t\000u\000r\000e\000s\000\040\000a\000n\000d\000\040\000R\000a\000n\000d\000o\000m\000\040\000F\000o\000r\000e\000s\000t\000\040\000s\000e\000c\000o\000n\000d\000\040\000s\000t\000a\000g\000e}{section.10}% 42
\BOOKMARK [2][-]{subsection.10.7}{\376\377\000S\000t\000a\000g\000e\000\040\0006\000:\000\040\000E\000n\000d\000-\000t\000o\000-\000e\000n\000d\000\040\000p\000i\000p\000e\000l\000i\000n\000e\000\040\000o\000u\000t\000p\000u\000t\000\040\000f\000i\000l\000e\000s}{section.10}% 43
\BOOKMARK [1][-]{section.11}{\376\377\000R\000u\000n\000n\000i\000n\000g\000\040\000t\000h\000e\000\040\000F\000u\000l\000l\000\040\000P\000i\000p\000e\000l\000i\000n\000e}{}% 44
\BOOKMARK [1][-]{section.12}{\376\377\000K\000e\000y\000\040\000R\000e\000f\000e\000r\000e\000n\000c\000e\000s}{}% 45
